<?xml version="1.0" encoding="UTF-8"?>
<testng-results skipped="0" failed="5" ignored="6" total="19" passed="8">
  <reporter-output>
  </reporter-output>
  <suite name="Suite" duration-ms="67537" started-at="2021-08-29T00:51:38 IST" finished-at="2021-08-29T00:52:46 IST">
    <groups>
    </groups>
    <test name="Test" duration-ms="67537" started-at="2021-08-29T00:51:38 IST" finished-at="2021-08-29T00:52:46 IST">
      <class name="com.thirtybees.test.AuthenticationTest">
        <test-method status="PASS" signature="setUp()[pri:0, instance:com.thirtybees.test.AuthenticationTest@6950e31]" name="setUp" is-config="true" duration-ms="21616" started-at="2021-08-29T00:51:06 IST" finished-at="2021-08-29T00:51:28 IST">
          <reporter-output>
          </reporter-output>
        </test-method> <!-- setUp -->
        <test-method status="FAIL" signature="validateAddingNewAddres()[pri:0, instance:com.thirtybees.test.AuthenticationTest@6950e31]" name="validateAddingNewAddres" duration-ms="10841" started-at="2021-08-29T00:52:07 IST" finished-at="2021-08-29T00:52:18 IST">
          <exception class="org.openqa.selenium.NoSuchElementException">
            <message>
              <![CDATA[no such element: Unable to locate element: {"method":"xpath","selector":"//span[text()='My addresses']"}
  (Session info: chrome=92.0.4515.159)
For documentation on this error, please visit: https://www.seleniumhq.org/exceptions/no_such_element.html
Build info: version: '3.141.59', revision: 'e82be7d358', time: '2018-11-14T08:17:03'
System info: host: 'LAPTOP-5F10D1SQ', ip: '192.168.1.6', os.name: 'Windows 10', os.arch: 'amd64', os.version: '10.0', java.version: '1.8.0_231'
Driver info: org.openqa.selenium.chrome.ChromeDriver
Capabilities {acceptInsecureCerts: false, browserName: chrome, browserVersion: 92.0.4515.159, chrome: {chromedriverVersion: 92.0.4515.43 (8c61b7e2989f2..., userDataDir: C:\Users\Shasanka\AppData\L...}, goog:chromeOptions: {debuggerAddress: localhost:49285}, javascriptEnabled: true, networkConnectionEnabled: false, pageLoadStrategy: normal, platform: WINDOWS, platformName: WINDOWS, proxy: Proxy(), setWindowRect: true, strictFileInteractability: false, timeouts: {implicit: 0, pageLoad: 300000, script: 30000}, unhandledPromptBehavior: dismiss and notify, webauthn:extension:credBlob: true, webauthn:extension:largeBlob: true, webauthn:virtualAuthenticators: true}
Session ID: 23a9996b6830fbc97fafac3b594209a6
*** Element info: {Using=xpath, value=//span[text()='My addresses']}]]>
            </message>
            <full-stacktrace>
              <![CDATA[org.openqa.selenium.NoSuchElementException: no such element: Unable to locate element: {"method":"xpath","selector":"//span[text()='My addresses']"}
  (Session info: chrome=92.0.4515.159)
For documentation on this error, please visit: https://www.seleniumhq.org/exceptions/no_such_element.html
Build info: version: '3.141.59', revision: 'e82be7d358', time: '2018-11-14T08:17:03'
System info: host: 'LAPTOP-5F10D1SQ', ip: '192.168.1.6', os.name: 'Windows 10', os.arch: 'amd64', os.version: '10.0', java.version: '1.8.0_231'
Driver info: org.openqa.selenium.chrome.ChromeDriver
Capabilities {acceptInsecureCerts: false, browserName: chrome, browserVersion: 92.0.4515.159, chrome: {chromedriverVersion: 92.0.4515.43 (8c61b7e2989f2..., userDataDir: C:\Users\Shasanka\AppData\L...}, goog:chromeOptions: {debuggerAddress: localhost:49285}, javascriptEnabled: true, networkConnectionEnabled: false, pageLoadStrategy: normal, platform: WINDOWS, platformName: WINDOWS, proxy: Proxy(), setWindowRect: true, strictFileInteractability: false, timeouts: {implicit: 0, pageLoad: 300000, script: 30000}, unhandledPromptBehavior: dismiss and notify, webauthn:extension:credBlob: true, webauthn:extension:largeBlob: true, webauthn:virtualAuthenticators: true}
Session ID: 23a9996b6830fbc97fafac3b594209a6
*** Element info: {Using=xpath, value=//span[text()='My addresses']}
at sun.reflect.NativeConstructorAccessorImpl.newInstance0(Native Method)
at sun.reflect.NativeConstructorAccessorImpl.newInstance(NativeConstructorAccessorImpl.java:62)
at sun.reflect.DelegatingConstructorAccessorImpl.newInstance(DelegatingConstructorAccessorImpl.java:45)
at java.lang.reflect.Constructor.newInstance(Constructor.java:423)
at org.openqa.selenium.remote.http.W3CHttpResponseCodec.createException(W3CHttpResponseCodec.java:187)
at org.openqa.selenium.remote.http.W3CHttpResponseCodec.decode(W3CHttpResponseCodec.java:122)
at org.openqa.selenium.remote.http.W3CHttpResponseCodec.decode(W3CHttpResponseCodec.java:49)
at org.openqa.selenium.remote.HttpCommandExecutor.execute(HttpCommandExecutor.java:158)
at org.openqa.selenium.remote.service.DriverCommandExecutor.execute(DriverCommandExecutor.java:83)
at org.openqa.selenium.remote.RemoteWebDriver.execute(RemoteWebDriver.java:552)
at org.openqa.selenium.remote.RemoteWebDriver.findElement(RemoteWebDriver.java:323)
at org.openqa.selenium.remote.RemoteWebDriver.findElementByXPath(RemoteWebDriver.java:428)
at org.openqa.selenium.By$ByXPath.findElement(By.java:353)
at org.openqa.selenium.remote.RemoteWebDriver.findElement(RemoteWebDriver.java:315)
at org.openqa.selenium.support.pagefactory.DefaultElementLocator.findElement(DefaultElementLocator.java:69)
at org.openqa.selenium.support.pagefactory.internal.LocatingElementHandler.invoke(LocatingElementHandler.java:38)
at com.sun.proxy.$Proxy13.click(Unknown Source)
at com.thritybees.utility.ActionUtility.click(ActionUtility.java:33)
at com.thritybees.pages.AuthenticationPage.verifyAddingNewAddress(AuthenticationPage.java:76)
at com.thirtybees.test.AuthenticationTest.validateAddingNewAddres(AuthenticationTest.java:53)
at sun.reflect.NativeMethodAccessorImpl.invoke0(Native Method)
at sun.reflect.NativeMethodAccessorImpl.invoke(NativeMethodAccessorImpl.java:62)
at sun.reflect.DelegatingMethodAccessorImpl.invoke(DelegatingMethodAccessorImpl.java:43)
at java.lang.reflect.Method.invoke(Method.java:498)
at org.testng.internal.MethodInvocationHelper.invokeMethod(MethodInvocationHelper.java:132)
at org.testng.internal.TestInvoker.invokeMethod(TestInvoker.java:599)
at org.testng.internal.TestInvoker.invokeTestMethod(TestInvoker.java:174)
at org.testng.internal.MethodRunner.runInSequence(MethodRunner.java:46)
at org.testng.internal.TestInvoker$MethodInvocationAgent.invoke(TestInvoker.java:822)
at org.testng.internal.TestInvoker.invokeTestMethods(TestInvoker.java:147)
at org.testng.internal.TestMethodWorker.invokeTestMethods(TestMethodWorker.java:146)
at org.testng.internal.TestMethodWorker.run(TestMethodWorker.java:128)
at java.util.ArrayList.forEach(ArrayList.java:1257)
at org.testng.TestRunner.privateRun(TestRunner.java:764)
at org.testng.TestRunner.run(TestRunner.java:585)
at org.testng.SuiteRunner.runTest(SuiteRunner.java:384)
at org.testng.SuiteRunner.runSequentially(SuiteRunner.java:378)
at org.testng.SuiteRunner.privateRun(SuiteRunner.java:337)
at org.testng.SuiteRunner.run(SuiteRunner.java:286)
at org.testng.SuiteRunnerWorker.runSuite(SuiteRunnerWorker.java:53)
at org.testng.SuiteRunnerWorker.run(SuiteRunnerWorker.java:96)
at org.testng.TestNG.runSuitesSequentially(TestNG.java:1218)
at org.testng.TestNG.runSuitesLocally(TestNG.java:1140)
at org.testng.TestNG.runSuites(TestNG.java:1069)
at org.testng.TestNG.run(TestNG.java:1037)
at org.testng.remote.AbstractRemoteTestNG.run(AbstractRemoteTestNG.java:115)
at org.testng.remote.RemoteTestNG.initAndRun(RemoteTestNG.java:251)
at org.testng.remote.RemoteTestNG.main(RemoteTestNG.java:77)
]]>
            </full-stacktrace>
          </exception> <!-- org.openqa.selenium.NoSuchElementException -->
          <reporter-output>
          </reporter-output>
        </test-method> <!-- validateAddingNewAddres -->
        <test-method status="PASS" signature="getResult(org.testng.ITestResult)[pri:0, instance:com.thirtybees.test.AuthenticationTest@6950e31]" name="getResult" is-config="true" duration-ms="514" started-at="2021-08-29T00:52:18 IST" finished-at="2021-08-29T00:52:18 IST">
          <params>
            <param index="0">
              <value>
                <![CDATA[[TestResult name=validateAddingNewAddres status=FAILURE method=AuthenticationTest.validateAddingNewAddres()[pri:0, instance:com.thirtybees.test.AuthenticationTest@6950e31] output={null}]]]>
              </value>
            </param>
          </params>
          <reporter-output>
          </reporter-output>
        </test-method> <!-- getResult -->
        <test-method status="FAIL" signature="validateAfterLoginMsg()[pri:0, instance:com.thirtybees.test.AuthenticationTest@6950e31]" name="validateAfterLoginMsg" duration-ms="10326" started-at="2021-08-29T00:52:18 IST" finished-at="2021-08-29T00:52:29 IST">
          <exception class="org.openqa.selenium.NoSuchElementException">
            <message>
              <![CDATA[no such element: Unable to locate element: {"method":"xpath","selector":"//p[text()='Welcome to your account. Here you can manage all of your personal information and orders.']"}
  (Session info: chrome=92.0.4515.159)
For documentation on this error, please visit: https://www.seleniumhq.org/exceptions/no_such_element.html
Build info: version: '3.141.59', revision: 'e82be7d358', time: '2018-11-14T08:17:03'
System info: host: 'LAPTOP-5F10D1SQ', ip: '192.168.1.6', os.name: 'Windows 10', os.arch: 'amd64', os.version: '10.0', java.version: '1.8.0_231'
Driver info: org.openqa.selenium.chrome.ChromeDriver
Capabilities {acceptInsecureCerts: false, browserName: chrome, browserVersion: 92.0.4515.159, chrome: {chromedriverVersion: 92.0.4515.43 (8c61b7e2989f2..., userDataDir: C:\Users\Shasanka\AppData\L...}, goog:chromeOptions: {debuggerAddress: localhost:49285}, javascriptEnabled: true, networkConnectionEnabled: false, pageLoadStrategy: normal, platform: WINDOWS, platformName: WINDOWS, proxy: Proxy(), setWindowRect: true, strictFileInteractability: false, timeouts: {implicit: 0, pageLoad: 300000, script: 30000}, unhandledPromptBehavior: dismiss and notify, webauthn:extension:credBlob: true, webauthn:extension:largeBlob: true, webauthn:virtualAuthenticators: true}
Session ID: 23a9996b6830fbc97fafac3b594209a6
*** Element info: {Using=xpath, value=//p[text()='Welcome to your account. Here you can manage all of your personal information and orders.']}]]>
            </message>
            <full-stacktrace>
              <![CDATA[org.openqa.selenium.NoSuchElementException: no such element: Unable to locate element: {"method":"xpath","selector":"//p[text()='Welcome to your account. Here you can manage all of your personal information and orders.']"}
  (Session info: chrome=92.0.4515.159)
For documentation on this error, please visit: https://www.seleniumhq.org/exceptions/no_such_element.html
Build info: version: '3.141.59', revision: 'e82be7d358', time: '2018-11-14T08:17:03'
System info: host: 'LAPTOP-5F10D1SQ', ip: '192.168.1.6', os.name: 'Windows 10', os.arch: 'amd64', os.version: '10.0', java.version: '1.8.0_231'
Driver info: org.openqa.selenium.chrome.ChromeDriver
Capabilities {acceptInsecureCerts: false, browserName: chrome, browserVersion: 92.0.4515.159, chrome: {chromedriverVersion: 92.0.4515.43 (8c61b7e2989f2..., userDataDir: C:\Users\Shasanka\AppData\L...}, goog:chromeOptions: {debuggerAddress: localhost:49285}, javascriptEnabled: true, networkConnectionEnabled: false, pageLoadStrategy: normal, platform: WINDOWS, platformName: WINDOWS, proxy: Proxy(), setWindowRect: true, strictFileInteractability: false, timeouts: {implicit: 0, pageLoad: 300000, script: 30000}, unhandledPromptBehavior: dismiss and notify, webauthn:extension:credBlob: true, webauthn:extension:largeBlob: true, webauthn:virtualAuthenticators: true}
Session ID: 23a9996b6830fbc97fafac3b594209a6
*** Element info: {Using=xpath, value=//p[text()='Welcome to your account. Here you can manage all of your personal information and orders.']}
at sun.reflect.NativeConstructorAccessorImpl.newInstance0(Native Method)
at sun.reflect.NativeConstructorAccessorImpl.newInstance(NativeConstructorAccessorImpl.java:62)
at sun.reflect.DelegatingConstructorAccessorImpl.newInstance(DelegatingConstructorAccessorImpl.java:45)
at java.lang.reflect.Constructor.newInstance(Constructor.java:423)
at org.openqa.selenium.remote.http.W3CHttpResponseCodec.createException(W3CHttpResponseCodec.java:187)
at org.openqa.selenium.remote.http.W3CHttpResponseCodec.decode(W3CHttpResponseCodec.java:122)
at org.openqa.selenium.remote.http.W3CHttpResponseCodec.decode(W3CHttpResponseCodec.java:49)
at org.openqa.selenium.remote.HttpCommandExecutor.execute(HttpCommandExecutor.java:158)
at org.openqa.selenium.remote.service.DriverCommandExecutor.execute(DriverCommandExecutor.java:83)
at org.openqa.selenium.remote.RemoteWebDriver.execute(RemoteWebDriver.java:552)
at org.openqa.selenium.remote.RemoteWebDriver.findElement(RemoteWebDriver.java:323)
at org.openqa.selenium.remote.RemoteWebDriver.findElementByXPath(RemoteWebDriver.java:428)
at org.openqa.selenium.By$ByXPath.findElement(By.java:353)
at org.openqa.selenium.remote.RemoteWebDriver.findElement(RemoteWebDriver.java:315)
at org.openqa.selenium.support.pagefactory.DefaultElementLocator.findElement(DefaultElementLocator.java:69)
at org.openqa.selenium.support.pagefactory.internal.LocatingElementHandler.invoke(LocatingElementHandler.java:38)
at com.sun.proxy.$Proxy13.getText(Unknown Source)
at com.thritybees.pages.AuthenticationPage.verifyUserSingInCridencial(AuthenticationPage.java:62)
at com.thirtybees.test.AuthenticationTest.validateAfterLoginMsg(AuthenticationTest.java:47)
at sun.reflect.NativeMethodAccessorImpl.invoke0(Native Method)
at sun.reflect.NativeMethodAccessorImpl.invoke(NativeMethodAccessorImpl.java:62)
at sun.reflect.DelegatingMethodAccessorImpl.invoke(DelegatingMethodAccessorImpl.java:43)
at java.lang.reflect.Method.invoke(Method.java:498)
at org.testng.internal.MethodInvocationHelper.invokeMethod(MethodInvocationHelper.java:132)
at org.testng.internal.TestInvoker.invokeMethod(TestInvoker.java:599)
at org.testng.internal.TestInvoker.invokeTestMethod(TestInvoker.java:174)
at org.testng.internal.MethodRunner.runInSequence(MethodRunner.java:46)
at org.testng.internal.TestInvoker$MethodInvocationAgent.invoke(TestInvoker.java:822)
at org.testng.internal.TestInvoker.invokeTestMethods(TestInvoker.java:147)
at org.testng.internal.TestMethodWorker.invokeTestMethods(TestMethodWorker.java:146)
at org.testng.internal.TestMethodWorker.run(TestMethodWorker.java:128)
at java.util.ArrayList.forEach(ArrayList.java:1257)
at org.testng.TestRunner.privateRun(TestRunner.java:764)
at org.testng.TestRunner.run(TestRunner.java:585)
at org.testng.SuiteRunner.runTest(SuiteRunner.java:384)
at org.testng.SuiteRunner.runSequentially(SuiteRunner.java:378)
at org.testng.SuiteRunner.privateRun(SuiteRunner.java:337)
at org.testng.SuiteRunner.run(SuiteRunner.java:286)
at org.testng.SuiteRunnerWorker.runSuite(SuiteRunnerWorker.java:53)
at org.testng.SuiteRunnerWorker.run(SuiteRunnerWorker.java:96)
at org.testng.TestNG.runSuitesSequentially(TestNG.java:1218)
at org.testng.TestNG.runSuitesLocally(TestNG.java:1140)
at org.testng.TestNG.runSuites(TestNG.java:1069)
at org.testng.TestNG.run(TestNG.java:1037)
at org.testng.remote.AbstractRemoteTestNG.run(AbstractRemoteTestNG.java:115)
at org.testng.remote.RemoteTestNG.initAndRun(RemoteTestNG.java:251)
at org.testng.remote.RemoteTestNG.main(RemoteTestNG.java:77)
]]>
            </full-stacktrace>
          </exception> <!-- org.openqa.selenium.NoSuchElementException -->
          <reporter-output>
          </reporter-output>
        </test-method> <!-- validateAfterLoginMsg -->
        <test-method status="PASS" signature="getResult(org.testng.ITestResult)[pri:0, instance:com.thirtybees.test.AuthenticationTest@6950e31]" name="getResult" is-config="true" duration-ms="2255" started-at="2021-08-29T00:52:29 IST" finished-at="2021-08-29T00:52:31 IST">
          <params>
            <param index="0">
              <value>
                <![CDATA[[TestResult name=validateAfterLoginMsg status=FAILURE method=AuthenticationTest.validateAfterLoginMsg()[pri:0, instance:com.thirtybees.test.AuthenticationTest@6950e31] output={null}]]]>
              </value>
            </param>
          </params>
          <reporter-output>
          </reporter-output>
        </test-method> <!-- getResult -->
        <test-method status="PASS" signature="validateMsg()[pri:0, instance:com.thirtybees.test.AuthenticationTest@6950e31]" name="validateMsg" duration-ms="50" started-at="2021-08-29T00:52:31 IST" finished-at="2021-08-29T00:52:31 IST">
          <reporter-output>
          </reporter-output>
        </test-method> <!-- validateMsg -->
        <test-method status="PASS" signature="getResult(org.testng.ITestResult)[pri:0, instance:com.thirtybees.test.AuthenticationTest@6950e31]" name="getResult" is-config="true" duration-ms="1" started-at="2021-08-29T00:52:31 IST" finished-at="2021-08-29T00:52:31 IST">
          <params>
            <param index="0">
              <value>
                <![CDATA[[TestResult name=validateMsg status=SUCCESS method=AuthenticationTest.validateMsg()[pri:0, instance:com.thirtybees.test.AuthenticationTest@6950e31] output={null}]]]>
              </value>
            </param>
          </params>
          <reporter-output>
          </reporter-output>
        </test-method> <!-- getResult -->
        <test-method status="FAIL" signature="verifyBlankEmailErrMsg()[pri:0, instance:com.thirtybees.test.AuthenticationTest@6950e31]" name="verifyBlankEmailErrMsg" duration-ms="152" started-at="2021-08-29T00:52:31 IST" finished-at="2021-08-29T00:52:31 IST">
          <exception class="java.lang.AssertionError">
            <message>
              <![CDATA[expected [true] but found [false]]]>
            </message>
            <full-stacktrace>
              <![CDATA[java.lang.AssertionError: expected [true] but found [false]
at org.testng.Assert.fail(Assert.java:99)
at org.testng.Assert.failNotEquals(Assert.java:1037)
at org.testng.Assert.assertTrue(Assert.java:45)
at org.testng.Assert.assertTrue(Assert.java:55)
at com.thirtybees.test.AuthenticationTest.verifyBlankEmailErrMsg(AuthenticationTest.java:60)
at sun.reflect.NativeMethodAccessorImpl.invoke0(Native Method)
at sun.reflect.NativeMethodAccessorImpl.invoke(NativeMethodAccessorImpl.java:62)
at sun.reflect.DelegatingMethodAccessorImpl.invoke(DelegatingMethodAccessorImpl.java:43)
at java.lang.reflect.Method.invoke(Method.java:498)
at org.testng.internal.MethodInvocationHelper.invokeMethod(MethodInvocationHelper.java:132)
at org.testng.internal.TestInvoker.invokeMethod(TestInvoker.java:599)
at org.testng.internal.TestInvoker.invokeTestMethod(TestInvoker.java:174)
at org.testng.internal.MethodRunner.runInSequence(MethodRunner.java:46)
at org.testng.internal.TestInvoker$MethodInvocationAgent.invoke(TestInvoker.java:822)
at org.testng.internal.TestInvoker.invokeTestMethods(TestInvoker.java:147)
at org.testng.internal.TestMethodWorker.invokeTestMethods(TestMethodWorker.java:146)
at org.testng.internal.TestMethodWorker.run(TestMethodWorker.java:128)
at java.util.ArrayList.forEach(ArrayList.java:1257)
at org.testng.TestRunner.privateRun(TestRunner.java:764)
at org.testng.TestRunner.run(TestRunner.java:585)
at org.testng.SuiteRunner.runTest(SuiteRunner.java:384)
at org.testng.SuiteRunner.runSequentially(SuiteRunner.java:378)
at org.testng.SuiteRunner.privateRun(SuiteRunner.java:337)
at org.testng.SuiteRunner.run(SuiteRunner.java:286)
at org.testng.SuiteRunnerWorker.runSuite(SuiteRunnerWorker.java:53)
at org.testng.SuiteRunnerWorker.run(SuiteRunnerWorker.java:96)
at org.testng.TestNG.runSuitesSequentially(TestNG.java:1218)
at org.testng.TestNG.runSuitesLocally(TestNG.java:1140)
at org.testng.TestNG.runSuites(TestNG.java:1069)
at org.testng.TestNG.run(TestNG.java:1037)
at org.testng.remote.AbstractRemoteTestNG.run(AbstractRemoteTestNG.java:115)
at org.testng.remote.RemoteTestNG.initAndRun(RemoteTestNG.java:251)
at org.testng.remote.RemoteTestNG.main(RemoteTestNG.java:77)
]]>
            </full-stacktrace>
          </exception> <!-- java.lang.AssertionError -->
          <reporter-output>
          </reporter-output>
        </test-method> <!-- verifyBlankEmailErrMsg -->
        <test-method status="PASS" signature="getResult(org.testng.ITestResult)[pri:0, instance:com.thirtybees.test.AuthenticationTest@6950e31]" name="getResult" is-config="true" duration-ms="2222" started-at="2021-08-29T00:52:31 IST" finished-at="2021-08-29T00:52:33 IST">
          <params>
            <param index="0">
              <value>
                <![CDATA[[TestResult name=verifyBlankEmailErrMsg status=FAILURE method=AuthenticationTest.verifyBlankEmailErrMsg()[pri:0, instance:com.thirtybees.test.AuthenticationTest@6950e31] output={null}]]]>
              </value>
            </param>
          </params>
          <reporter-output>
          </reporter-output>
        </test-method> <!-- getResult -->
        <test-method status="FAIL" signature="verifyWrongEmailEnter()[pri:0, instance:com.thirtybees.test.AuthenticationTest@6950e31]" name="verifyWrongEmailEnter" duration-ms="10465" started-at="2021-08-29T00:52:33 IST" finished-at="2021-08-29T00:52:44 IST">
          <exception class="org.openqa.selenium.NoSuchElementException">
            <message>
              <![CDATA[no such element: Unable to locate element: {"method":"xpath","selector":"//div[@class='help-block']"}
  (Session info: chrome=92.0.4515.159)
For documentation on this error, please visit: https://www.seleniumhq.org/exceptions/no_such_element.html
Build info: version: '3.141.59', revision: 'e82be7d358', time: '2018-11-14T08:17:03'
System info: host: 'LAPTOP-5F10D1SQ', ip: '192.168.1.6', os.name: 'Windows 10', os.arch: 'amd64', os.version: '10.0', java.version: '1.8.0_231'
Driver info: org.openqa.selenium.chrome.ChromeDriver
Capabilities {acceptInsecureCerts: false, browserName: chrome, browserVersion: 92.0.4515.159, chrome: {chromedriverVersion: 92.0.4515.43 (8c61b7e2989f2..., userDataDir: C:\Users\Shasanka\AppData\L...}, goog:chromeOptions: {debuggerAddress: localhost:49285}, javascriptEnabled: true, networkConnectionEnabled: false, pageLoadStrategy: normal, platform: WINDOWS, platformName: WINDOWS, proxy: Proxy(), setWindowRect: true, strictFileInteractability: false, timeouts: {implicit: 0, pageLoad: 300000, script: 30000}, unhandledPromptBehavior: dismiss and notify, webauthn:extension:credBlob: true, webauthn:extension:largeBlob: true, webauthn:virtualAuthenticators: true}
Session ID: 23a9996b6830fbc97fafac3b594209a6
*** Element info: {Using=xpath, value=//div[@class='help-block']}]]>
            </message>
            <full-stacktrace>
              <![CDATA[org.openqa.selenium.NoSuchElementException: no such element: Unable to locate element: {"method":"xpath","selector":"//div[@class='help-block']"}
  (Session info: chrome=92.0.4515.159)
For documentation on this error, please visit: https://www.seleniumhq.org/exceptions/no_such_element.html
Build info: version: '3.141.59', revision: 'e82be7d358', time: '2018-11-14T08:17:03'
System info: host: 'LAPTOP-5F10D1SQ', ip: '192.168.1.6', os.name: 'Windows 10', os.arch: 'amd64', os.version: '10.0', java.version: '1.8.0_231'
Driver info: org.openqa.selenium.chrome.ChromeDriver
Capabilities {acceptInsecureCerts: false, browserName: chrome, browserVersion: 92.0.4515.159, chrome: {chromedriverVersion: 92.0.4515.43 (8c61b7e2989f2..., userDataDir: C:\Users\Shasanka\AppData\L...}, goog:chromeOptions: {debuggerAddress: localhost:49285}, javascriptEnabled: true, networkConnectionEnabled: false, pageLoadStrategy: normal, platform: WINDOWS, platformName: WINDOWS, proxy: Proxy(), setWindowRect: true, strictFileInteractability: false, timeouts: {implicit: 0, pageLoad: 300000, script: 30000}, unhandledPromptBehavior: dismiss and notify, webauthn:extension:credBlob: true, webauthn:extension:largeBlob: true, webauthn:virtualAuthenticators: true}
Session ID: 23a9996b6830fbc97fafac3b594209a6
*** Element info: {Using=xpath, value=//div[@class='help-block']}
at sun.reflect.NativeConstructorAccessorImpl.newInstance0(Native Method)
at sun.reflect.NativeConstructorAccessorImpl.newInstance(NativeConstructorAccessorImpl.java:62)
at sun.reflect.DelegatingConstructorAccessorImpl.newInstance(DelegatingConstructorAccessorImpl.java:45)
at java.lang.reflect.Constructor.newInstance(Constructor.java:423)
at org.openqa.selenium.remote.http.W3CHttpResponseCodec.createException(W3CHttpResponseCodec.java:187)
at org.openqa.selenium.remote.http.W3CHttpResponseCodec.decode(W3CHttpResponseCodec.java:122)
at org.openqa.selenium.remote.http.W3CHttpResponseCodec.decode(W3CHttpResponseCodec.java:49)
at org.openqa.selenium.remote.HttpCommandExecutor.execute(HttpCommandExecutor.java:158)
at org.openqa.selenium.remote.service.DriverCommandExecutor.execute(DriverCommandExecutor.java:83)
at org.openqa.selenium.remote.RemoteWebDriver.execute(RemoteWebDriver.java:552)
at org.openqa.selenium.remote.RemoteWebDriver.findElement(RemoteWebDriver.java:323)
at org.openqa.selenium.remote.RemoteWebDriver.findElementByXPath(RemoteWebDriver.java:428)
at org.openqa.selenium.By$ByXPath.findElement(By.java:353)
at org.openqa.selenium.remote.RemoteWebDriver.findElement(RemoteWebDriver.java:315)
at org.openqa.selenium.support.pagefactory.DefaultElementLocator.findElement(DefaultElementLocator.java:69)
at org.openqa.selenium.support.pagefactory.internal.LocatingElementHandler.invoke(LocatingElementHandler.java:38)
at com.sun.proxy.$Proxy13.getText(Unknown Source)
at com.thritybees.pages.AuthenticationPage.validatewrongEmailEnter(AuthenticationPage.java:41)
at com.thirtybees.test.AuthenticationTest.verifyWrongEmailEnter(AuthenticationTest.java:65)
at sun.reflect.NativeMethodAccessorImpl.invoke0(Native Method)
at sun.reflect.NativeMethodAccessorImpl.invoke(NativeMethodAccessorImpl.java:62)
at sun.reflect.DelegatingMethodAccessorImpl.invoke(DelegatingMethodAccessorImpl.java:43)
at java.lang.reflect.Method.invoke(Method.java:498)
at org.testng.internal.MethodInvocationHelper.invokeMethod(MethodInvocationHelper.java:132)
at org.testng.internal.TestInvoker.invokeMethod(TestInvoker.java:599)
at org.testng.internal.TestInvoker.invokeTestMethod(TestInvoker.java:174)
at org.testng.internal.MethodRunner.runInSequence(MethodRunner.java:46)
at org.testng.internal.TestInvoker$MethodInvocationAgent.invoke(TestInvoker.java:822)
at org.testng.internal.TestInvoker.invokeTestMethods(TestInvoker.java:147)
at org.testng.internal.TestMethodWorker.invokeTestMethods(TestMethodWorker.java:146)
at org.testng.internal.TestMethodWorker.run(TestMethodWorker.java:128)
at java.util.ArrayList.forEach(ArrayList.java:1257)
at org.testng.TestRunner.privateRun(TestRunner.java:764)
at org.testng.TestRunner.run(TestRunner.java:585)
at org.testng.SuiteRunner.runTest(SuiteRunner.java:384)
at org.testng.SuiteRunner.runSequentially(SuiteRunner.java:378)
at org.testng.SuiteRunner.privateRun(SuiteRunner.java:337)
at org.testng.SuiteRunner.run(SuiteRunner.java:286)
at org.testng.SuiteRunnerWorker.runSuite(SuiteRunnerWorker.java:53)
at org.testng.SuiteRunnerWorker.run(SuiteRunnerWorker.java:96)
at org.testng.TestNG.runSuitesSequentially(TestNG.java:1218)
at org.testng.TestNG.runSuitesLocally(TestNG.java:1140)
at org.testng.TestNG.runSuites(TestNG.java:1069)
at org.testng.TestNG.run(TestNG.java:1037)
at org.testng.remote.AbstractRemoteTestNG.run(AbstractRemoteTestNG.java:115)
at org.testng.remote.RemoteTestNG.initAndRun(RemoteTestNG.java:251)
at org.testng.remote.RemoteTestNG.main(RemoteTestNG.java:77)
]]>
            </full-stacktrace>
          </exception> <!-- org.openqa.selenium.NoSuchElementException -->
          <reporter-output>
          </reporter-output>
        </test-method> <!-- verifyWrongEmailEnter -->
        <test-method status="PASS" signature="getResult(org.testng.ITestResult)[pri:0, instance:com.thirtybees.test.AuthenticationTest@6950e31]" name="getResult" is-config="true" duration-ms="1537" started-at="2021-08-29T00:52:44 IST" finished-at="2021-08-29T00:52:46 IST">
          <params>
            <param index="0">
              <value>
                <![CDATA[[TestResult name=verifyWrongEmailEnter status=FAILURE method=AuthenticationTest.verifyWrongEmailEnter()[pri:0, instance:com.thirtybees.test.AuthenticationTest@6950e31] output={null}]]]>
              </value>
            </param>
          </params>
          <reporter-output>
          </reporter-output>
        </test-method> <!-- getResult -->
      </class> <!-- com.thirtybees.test.AuthenticationTest -->
      <class name="com.thirtybees.test.HomeTest">
        <test-method status="PASS" signature="extentReportSetup()[pri:0, instance:com.thirtybees.test.HomeTest@b7dd107]" name="extentReportSetup" is-config="true" duration-ms="89" started-at="2021-08-29T00:51:38 IST" finished-at="2021-08-29T00:51:38 IST">
          <reporter-output>
          </reporter-output>
        </test-method> <!-- extentReportSetup -->
        <test-method status="PASS" signature="setUp()[pri:0, instance:com.thirtybees.test.HomeTest@b7dd107]" name="setUp" is-config="true" duration-ms="2824" started-at="2021-08-29T00:51:38 IST" finished-at="2021-08-29T00:51:41 IST">
          <reporter-output>
          </reporter-output>
        </test-method> <!-- setUp -->
        <test-method status="PASS" signature="searchByValidProductGetTitle()[pri:0, instance:com.thirtybees.test.HomeTest@b7dd107]" name="searchByValidProductGetTitle" duration-ms="2960" started-at="2021-08-29T00:51:41 IST" finished-at="2021-08-29T00:51:44 IST">
          <reporter-output>
          </reporter-output>
        </test-method> <!-- searchByValidProductGetTitle -->
        <test-method status="PASS" signature="getResult(org.testng.ITestResult)[pri:0, instance:com.thirtybees.test.HomeTest@b7dd107]" name="getResult" is-config="true" duration-ms="13" started-at="2021-08-29T00:51:44 IST" finished-at="2021-08-29T00:51:44 IST">
          <params>
            <param index="0">
              <value>
                <![CDATA[[TestResult name=searchByValidProductGetTitle status=SUCCESS method=HomeTest.searchByValidProductGetTitle()[pri:0, instance:com.thirtybees.test.HomeTest@b7dd107] output={null}]]]>
              </value>
            </param>
          </params>
          <reporter-output>
          </reporter-output>
        </test-method> <!-- getResult -->
        <test-method status="PASS" signature="setUp()[pri:0, instance:com.thirtybees.test.HomeTest@b7dd107]" name="setUp" is-config="true" duration-ms="3434" started-at="2021-08-29T00:51:44 IST" finished-at="2021-08-29T00:51:48 IST">
          <reporter-output>
          </reporter-output>
        </test-method> <!-- setUp -->
        <test-method status="PASS" signature="searchInValidProduct()[pri:0, instance:com.thirtybees.test.HomeTest@b7dd107]" name="searchInValidProduct" duration-ms="3142" started-at="2021-08-29T00:51:48 IST" finished-at="2021-08-29T00:51:51 IST">
          <reporter-output>
          </reporter-output>
        </test-method> <!-- searchInValidProduct -->
        <test-method status="PASS" signature="getResult(org.testng.ITestResult)[pri:0, instance:com.thirtybees.test.HomeTest@b7dd107]" name="getResult" is-config="true" duration-ms="1" started-at="2021-08-29T00:51:51 IST" finished-at="2021-08-29T00:51:51 IST">
          <params>
            <param index="0">
              <value>
                <![CDATA[[TestResult name=searchInValidProduct status=SUCCESS method=HomeTest.searchInValidProduct()[pri:0, instance:com.thirtybees.test.HomeTest@b7dd107] output={null}]]]>
              </value>
            </param>
          </params>
          <reporter-output>
          </reporter-output>
        </test-method> <!-- getResult -->
        <test-method status="PASS" signature="setUp()[pri:0, instance:com.thirtybees.test.HomeTest@b7dd107]" name="setUp" is-config="true" duration-ms="4274" started-at="2021-08-29T00:51:51 IST" finished-at="2021-08-29T00:51:55 IST">
          <reporter-output>
          </reporter-output>
        </test-method> <!-- setUp -->
        <test-method status="PASS" signature="validateEmptyCartList()[pri:0, instance:com.thirtybees.test.HomeTest@b7dd107]" name="validateEmptyCartList" duration-ms="2784" started-at="2021-08-29T00:51:55 IST" finished-at="2021-08-29T00:51:58 IST">
          <reporter-output>
          </reporter-output>
        </test-method> <!-- validateEmptyCartList -->
        <test-method status="PASS" signature="getResult(org.testng.ITestResult)[pri:0, instance:com.thirtybees.test.HomeTest@b7dd107]" name="getResult" is-config="true" duration-ms="1" started-at="2021-08-29T00:51:58 IST" finished-at="2021-08-29T00:51:58 IST">
          <params>
            <param index="0">
              <value>
                <![CDATA[[TestResult name=validateEmptyCartList status=SUCCESS method=HomeTest.validateEmptyCartList()[pri:0, instance:com.thirtybees.test.HomeTest@b7dd107] output={null}]]]>
              </value>
            </param>
          </params>
          <reporter-output>
          </reporter-output>
        </test-method> <!-- getResult -->
        <test-method status="PASS" signature="setUp()[pri:0, instance:com.thirtybees.test.HomeTest@b7dd107]" name="setUp" is-config="true" duration-ms="3524" started-at="2021-08-29T00:51:58 IST" finished-at="2021-08-29T00:52:01 IST">
          <reporter-output>
          </reporter-output>
        </test-method> <!-- setUp -->
        <test-method status="PASS" signature="verifyLogo()[pri:0, instance:com.thirtybees.test.HomeTest@b7dd107]" name="verifyLogo" duration-ms="7" started-at="2021-08-29T00:52:01 IST" finished-at="2021-08-29T00:52:01 IST">
          <reporter-output>
          </reporter-output>
        </test-method> <!-- verifyLogo -->
        <test-method status="PASS" signature="getResult(org.testng.ITestResult)[pri:0, instance:com.thirtybees.test.HomeTest@b7dd107]" name="getResult" is-config="true" duration-ms="2" started-at="2021-08-29T00:52:01 IST" finished-at="2021-08-29T00:52:01 IST">
          <params>
            <param index="0">
              <value>
                <![CDATA[[TestResult name=verifyLogo status=SUCCESS method=HomeTest.verifyLogo()[pri:0, instance:com.thirtybees.test.HomeTest@b7dd107] output={null}]]]>
              </value>
            </param>
          </params>
          <reporter-output>
          </reporter-output>
        </test-method> <!-- getResult -->
        <test-method status="PASS" signature="setUp()[pri:0, instance:com.thirtybees.test.HomeTest@b7dd107]" name="setUp" is-config="true" duration-ms="3835" started-at="2021-08-29T00:52:01 IST" finished-at="2021-08-29T00:52:05 IST">
          <reporter-output>
          </reporter-output>
        </test-method> <!-- setUp -->
        <test-method status="PASS" signature="verifyTitle()[pri:0, instance:com.thirtybees.test.HomeTest@b7dd107]" name="verifyTitle" duration-ms="19" started-at="2021-08-29T00:52:05 IST" finished-at="2021-08-29T00:52:05 IST">
          <reporter-output>
          </reporter-output>
        </test-method> <!-- verifyTitle -->
        <test-method status="PASS" signature="getResult(org.testng.ITestResult)[pri:0, instance:com.thirtybees.test.HomeTest@b7dd107]" name="getResult" is-config="true" duration-ms="0" started-at="2021-08-29T00:52:05 IST" finished-at="2021-08-29T00:52:05 IST">
          <params>
            <param index="0">
              <value>
                <![CDATA[[TestResult name=verifyTitle status=SUCCESS method=HomeTest.verifyTitle()[pri:0, instance:com.thirtybees.test.HomeTest@b7dd107] output={null}]]]>
              </value>
            </param>
          </params>
          <reporter-output>
          </reporter-output>
        </test-method> <!-- getResult -->
        <test-method status="PASS" signature="endReport()[pri:0, instance:com.thirtybees.test.HomeTest@b7dd107]" name="endReport" is-config="true" duration-ms="277" started-at="2021-08-29T00:52:46 IST" finished-at="2021-08-29T00:52:46 IST">
          <reporter-output>
          </reporter-output>
        </test-method> <!-- endReport -->
      </class> <!-- com.thirtybees.test.HomeTest -->
      <class name="com.thirtybees.test.CreateAccountTest">
        <test-method status="PASS" signature="setUp()[pri:0, instance:com.thirtybees.test.CreateAccountTest@4671e53b]" name="setUp" is-config="true" duration-ms="4247" started-at="2021-08-29T00:51:34 IST" finished-at="2021-08-29T00:51:38 IST">
          <reporter-output>
          </reporter-output>
        </test-method> <!-- setUp -->
        <test-method status="FAIL" signature="verifyInValidRegistration()[pri:0, instance:com.thirtybees.test.CreateAccountTest@4671e53b]" name="verifyInValidRegistration" duration-ms="15" started-at="2021-08-29T00:52:05 IST" finished-at="2021-08-29T00:52:05 IST">
          <exception class="java.lang.NullPointerException">
            <full-stacktrace>
              <![CDATA[java.lang.NullPointerException
at com.thirtybees.test.CreateAccountTest.verifyInValidRegistration(CreateAccountTest.java:46)
at sun.reflect.NativeMethodAccessorImpl.invoke0(Native Method)
at sun.reflect.NativeMethodAccessorImpl.invoke(NativeMethodAccessorImpl.java:62)
at sun.reflect.DelegatingMethodAccessorImpl.invoke(DelegatingMethodAccessorImpl.java:43)
at java.lang.reflect.Method.invoke(Method.java:498)
at org.testng.internal.MethodInvocationHelper.invokeMethod(MethodInvocationHelper.java:132)
at org.testng.internal.TestInvoker.invokeMethod(TestInvoker.java:599)
at org.testng.internal.TestInvoker.invokeTestMethod(TestInvoker.java:174)
at org.testng.internal.MethodRunner.runInSequence(MethodRunner.java:46)
at org.testng.internal.TestInvoker$MethodInvocationAgent.invoke(TestInvoker.java:822)
at org.testng.internal.TestInvoker.invokeTestMethods(TestInvoker.java:147)
at org.testng.internal.TestMethodWorker.invokeTestMethods(TestMethodWorker.java:146)
at org.testng.internal.TestMethodWorker.run(TestMethodWorker.java:128)
at java.util.ArrayList.forEach(ArrayList.java:1257)
at org.testng.TestRunner.privateRun(TestRunner.java:764)
at org.testng.TestRunner.run(TestRunner.java:585)
at org.testng.SuiteRunner.runTest(SuiteRunner.java:384)
at org.testng.SuiteRunner.runSequentially(SuiteRunner.java:378)
at org.testng.SuiteRunner.privateRun(SuiteRunner.java:337)
at org.testng.SuiteRunner.run(SuiteRunner.java:286)
at org.testng.SuiteRunnerWorker.runSuite(SuiteRunnerWorker.java:53)
at org.testng.SuiteRunnerWorker.run(SuiteRunnerWorker.java:96)
at org.testng.TestNG.runSuitesSequentially(TestNG.java:1218)
at org.testng.TestNG.runSuitesLocally(TestNG.java:1140)
at org.testng.TestNG.runSuites(TestNG.java:1069)
at org.testng.TestNG.run(TestNG.java:1037)
at org.testng.remote.AbstractRemoteTestNG.run(AbstractRemoteTestNG.java:115)
at org.testng.remote.RemoteTestNG.initAndRun(RemoteTestNG.java:251)
at org.testng.remote.RemoteTestNG.main(RemoteTestNG.java:77)
]]>
            </full-stacktrace>
          </exception> <!-- java.lang.NullPointerException -->
          <reporter-output>
          </reporter-output>
        </test-method> <!-- verifyInValidRegistration -->
        <test-method status="PASS" signature="getResult(org.testng.ITestResult)[pri:0, instance:com.thirtybees.test.CreateAccountTest@4671e53b]" name="getResult" is-config="true" duration-ms="504" started-at="2021-08-29T00:52:05 IST" finished-at="2021-08-29T00:52:06 IST">
          <params>
            <param index="0">
              <value>
                <![CDATA[[TestResult name=verifyInValidRegistration status=FAILURE method=CreateAccountTest.verifyInValidRegistration()[pri:0, instance:com.thirtybees.test.CreateAccountTest@4671e53b] output={null}]]]>
              </value>
            </param>
          </params>
          <reporter-output>
          </reporter-output>
        </test-method> <!-- getResult -->
        <test-method status="PASS" signature="verifyRegistration()[pri:0, instance:com.thirtybees.test.CreateAccountTest@4671e53b]" name="verifyRegistration" duration-ms="1" started-at="2021-08-29T00:52:06 IST" finished-at="2021-08-29T00:52:06 IST">
          <reporter-output>
          </reporter-output>
        </test-method> <!-- verifyRegistration -->
        <test-method status="PASS" signature="getResult(org.testng.ITestResult)[pri:0, instance:com.thirtybees.test.CreateAccountTest@4671e53b]" name="getResult" is-config="true" duration-ms="0" started-at="2021-08-29T00:52:06 IST" finished-at="2021-08-29T00:52:06 IST">
          <params>
            <param index="0">
              <value>
                <![CDATA[[TestResult name=verifyRegistration status=SUCCESS method=CreateAccountTest.verifyRegistration()[pri:0, instance:com.thirtybees.test.CreateAccountTest@4671e53b] output={null}]]]>
              </value>
            </param>
          </params>
          <reporter-output>
          </reporter-output>
        </test-method> <!-- getResult -->
      </class> <!-- com.thirtybees.test.CreateAccountTest -->
      <class name="com.thirtybees.test.CoffeeAndTeaTest">
        <test-method status="PASS" signature="setUp()[pri:0, instance:com.thirtybees.test.CoffeeAndTeaTest@2db7a79b]" name="setUp" is-config="true" duration-ms="6179" started-at="2021-08-29T00:51:28 IST" finished-at="2021-08-29T00:51:34 IST">
          <reporter-output>
          </reporter-output>
        </test-method> <!-- setUp -->
        <test-method status="PASS" signature="priceSortDropDownList()[pri:0, instance:com.thirtybees.test.CoffeeAndTeaTest@2db7a79b]" name="priceSortDropDownList" duration-ms="1398" started-at="2021-08-29T00:52:06 IST" finished-at="2021-08-29T00:52:07 IST">
          <reporter-output>
          </reporter-output>
        </test-method> <!-- priceSortDropDownList -->
        <test-method status="PASS" signature="getResult(org.testng.ITestResult)[pri:0, instance:com.thirtybees.test.CoffeeAndTeaTest@2db7a79b]" name="getResult" is-config="true" duration-ms="0" started-at="2021-08-29T00:52:07 IST" finished-at="2021-08-29T00:52:07 IST">
          <params>
            <param index="0">
              <value>
                <![CDATA[[TestResult name=priceSortDropDownList status=SUCCESS method=CoffeeAndTeaTest.priceSortDropDownList()[pri:0, instance:com.thirtybees.test.CoffeeAndTeaTest@2db7a79b] output={null}]]]>
              </value>
            </param>
          </params>
          <reporter-output>
          </reporter-output>
        </test-method> <!-- getResult -->
        <test-method status="PASS" signature="tearDown()[pri:0, instance:com.thirtybees.test.CoffeeAndTeaTest@2db7a79b]" name="tearDown" is-config="true" duration-ms="642" started-at="2021-08-29T00:52:46 IST" finished-at="2021-08-29T00:52:46 IST">
          <reporter-output>
          </reporter-output>
        </test-method> <!-- tearDown -->
      </class> <!-- com.thirtybees.test.CoffeeAndTeaTest -->
    </test> <!-- Test -->
  </suite> <!-- Suite -->
</testng-results>
